<?xml version="1.0" encoding="UTF-8"?>
<!-- Generated by org.testng.reporters.JUnitReportReporter -->
<testsuite hostname="Dinesh" failures="0" tests="1" name="ActionsPackages.MouseMovement" time="11.513" errors="0" timestamp="2021-02-05T10:06:22 IST" skipped="0">
  <testcase classname="ActionsPackages.MouseMovement" name="TestcaseOne" time="11.513"/>
  <system-out/>
</testsuite> <!-- ActionsPackages.MouseMovement -->
