<?xml version="1.0" encoding="UTF-8"?>
<!-- Generated by org.testng.reporters.JUnitReportReporter -->
<testsuite hostname="Dinesh" failures="0" tests="1" name="ActionsPackages.MouseClick" time="25.770" errors="0" timestamp="2021-02-05T10:18:58 IST" skipped="0">
  <testcase classname="ActionsPackages.MouseClick" name="RightClick" time="25.770"/>
  <system-out/>
</testsuite> <!-- ActionsPackages.MouseClick -->
