<?xml version="1.0" encoding="UTF-8"?>
<!-- Generated by org.testng.reporters.JUnitReportReporter -->
<testsuite hostname="Dinesh" failures="0" tests="1" name="ActionsPackages.DragandDrop" time="8.060" errors="0" timestamp="2021-02-05T09:33:35 IST" skipped="0">
  <testcase classname="ActionsPackages.DragandDrop" name="TestcaseOne" time="8.060"/>
  <system-out/>
</testsuite> <!-- ActionsPackages.DragandDrop -->
